SEARCH FOR: KING STEPHEN                                                        
     FOUND: IT (1986)                                                           
     FOUND: THE SHINING (1977)                                                  
     FOUND: MISERY (1987)                                                       
----------------------------------------                                        
SEARCH FOR: ROWLING J.K.                                                        
     FOUND: HARRY POTTER 1 (1997)                                               
     FOUND: HARRY POTTER 2 (1998)                                               
     FOUND: HARRY POTTER 3 (1999)                                               
----------------------------------------                                        
SEARCH FOR: PUSHKIN A.S.                                                        
     NOT FOUND                                                                  
----------------------------------------                                        
SEARCH FOR: ASIMOV ISAAC                                                        
     FOUND: FOUNDATION (1951)                                                   
     FOUND: I ROBOT (1950)                                                      
     FOUND: CAVES OF STEEL (1954)                                               
----------------------------------------                                        
SEARCH FOR: TOLKIEN J.R.R.                                                      
     FOUND: THE HOBBIT (1937)                                                   
     FOUND: LORD OF RINGS 1 (1954)                                              
     FOUND: LORD OF RINGS 2 (1954)                                              
----------------------------------------                                        
SEARCH FOR: HEMINGWAY ERNEST       
     NOT FOUND                                                                  
----------------------------------------                                        
SEARCH FOR: CHRISTIE AGATHA                                                     
     FOUND: MURDER ON ORIENT (1934)                                             
     FOUND: TEN LITTLE INDIANS (1939)                                           
----------------------------------------                                                                                     
